<?xml version="1.0" encoding="UTF-8"?>
<!-- Generated by org.testng.reporters.JUnitReportReporter -->
<testsuite hostname="de-adn-3y9w7w1" failures="0" tests="4" name="tests.rating.DeleteRatingTest" time="0.264" errors="0" timestamp="2020-05-05T01:03:48 MESZ" skipped="0">
  <testcase classname="tests.rating.DeleteRatingTest" name="assertDeleteAsUser" time="0.084"/>
  <system-out/>
  <testcase classname="tests.rating.DeleteRatingTest" name="assertDeleteAsAdmin" time="0.055"/>
  <system-out/>
  <testcase classname="tests.rating.DeleteRatingTest" name="assertStatusCode" time="0.049"/>
  <system-out/>
  <testcase classname="tests.rating.DeleteRatingTest" name="assertDeleteAsModerator" time="0.076"/>
  <system-out/>
</testsuite> <!-- tests.rating.DeleteRatingTest -->
