<?xml version="1.0" encoding="UTF-8"?>
<!-- Generated by org.testng.reporters.JUnitReportReporter -->
<testsuite hostname="de-adn-3y9w7w1" failures="0" tests="5" name="tests.book.DeleteBookTest" time="3.270" errors="0" timestamp="2020-05-05T01:03:48 MESZ" skipped="0">
  <testcase classname="tests.book.DeleteBookTest" name="assertNoExistingBook" time="0.022"/>
  <system-out/>
  <testcase classname="tests.book.DeleteBookTest" name="assertStatusCode" time="0.038"/>
  <system-out/>
  <testcase classname="tests.book.DeleteBookTest" name="assertDeleteAsModerator" time="0.061"/>
  <system-out/>
  <testcase classname="tests.book.DeleteBookTest" name="assertDeleteAsUser" time="3.108"/>
  <system-out/>
  <testcase classname="tests.book.DeleteBookTest" name="assertDeleteAsAdmin" time="0.041"/>
  <system-out/>
</testsuite> <!-- tests.book.DeleteBookTest -->
