<?xml version="1.0" encoding="UTF-8"?>
<!-- Generated by org.testng.reporters.JUnitReportReporter -->
<testsuite hostname="de-adn-3y9w7w1" failures="0" tests="9" name="tests.rating.CreateRatingTest" time="10.720" errors="0" timestamp="2020-05-05T01:03:48 MESZ" skipped="0">
  <testcase classname="tests.rating.CreateRatingTest" name="CreatedRatingHasUserId" time="0.064"/>
  <system-out/>
  <testcase classname="tests.rating.CreateRatingTest" name="CreatedRating" time="0.058"/>
  <system-out/>
  <testcase classname="tests.rating.CreateRatingTest" name="CreatedRatingHasContent" time="0.058"/>
  <system-out/>
  <testcase classname="tests.rating.CreateRatingTest" name="CreatedRatingHasTitle" time="0.063"/>
  <system-out/>
  <testcase classname="tests.rating.CreateRatingTest" name="assertStatusCode" time="0.041"/>
  <system-out/>
  <testcase classname="tests.rating.CreateRatingTest" name="CreatedRatingHasScore" time="0.056"/>
  <system-out/>
  <testcase classname="tests.rating.CreateRatingTest" name="assertEmailLowRatingNoComment" time="4.297"/>
  <system-out/>
  <testcase classname="tests.rating.CreateRatingTest" name="assertEmailHighRatingNoComment" time="6.025"/>
  <system-out/>
  <testcase classname="tests.rating.CreateRatingTest" name="CreatedRatingHasAuthor" time="0.058"/>
  <system-out/>
</testsuite> <!-- tests.rating.CreateRatingTest -->
