<?xml version="1.0" encoding="UTF-8"?>
<!-- Generated by org.testng.reporters.JUnitReportReporter -->
<testsuite hostname="de-adn-3y9w7w1" failures="0" tests="1" name="tests.user.RegisterTest" time="0.026" errors="0" timestamp="2020-05-05T01:03:48 MESZ" skipped="0">
  <testcase classname="tests.user.RegisterTest" name="assertStatusCode" time="0.026"/>
  <system-out/>
</testsuite> <!-- tests.user.RegisterTest -->
