<?xml version="1.0" encoding="UTF-8"?>
<!-- Generated by org.testng.reporters.JUnitReportReporter -->
<testsuite hostname="de-adn-3y9w7w1" failures="0" tests="13" name="tests.book.CreateBookTest" time="33.601" errors="0" timestamp="2020-05-05T01:03:48 MESZ" skipped="0">
  <testcase classname="tests.book.CreateBookTest" name="CreateBookWithLanguages" time="3.106"/>
  <system-out/>
  <testcase classname="tests.book.CreateBookTest" name="CreateBookWithKeywords" time="3.125"/>
  <system-out/>
  <testcase classname="tests.book.CreateBookTest" name="assertStatusCodeOnInvalidIsbn" time="0.011"/>
  <system-out/>
  <testcase classname="tests.book.CreateBookTest" name="assertStatusCodeOnBookWithoutAuthor" time="0.057"/>
  <system-out/>
  <testcase classname="tests.book.CreateBookTest" name="assertStatusCode" time="0.037"/>
  <system-out/>
  <testcase classname="tests.book.CreateBookTest" name="CreateBookWithPublisher" time="3.139"/>
  <system-out/>
  <testcase classname="tests.book.CreateBookTest" name="CreateBookWithIsbn" time="3.109"/>
  <system-out/>
  <testcase classname="tests.book.CreateBookTest" name="assertStatusCodeOnBookWithoutTitle" time="0.011"/>
  <system-out/>
  <testcase classname="tests.book.CreateBookTest" name="CreateBookWithPages" time="3.106"/>
  <system-out/>
  <testcase classname="tests.book.CreateBookTest" name="CreateBookWithPublishingYear" time="3.111"/>
  <system-out/>
  <testcase classname="tests.book.CreateBookTest" name="CreateBookWithPublishingContent" time="3.138"/>
  <system-out/>
  <testcase classname="tests.book.CreateBookTest" name="CreateBookWithGenre" time="3.113"/>
  <system-out/>
  <testcase classname="tests.book.CreateBookTest" name="CreateBookWithAuthorAndTitle" time="8.538"/>
  <system-out/>
</testsuite> <!-- tests.book.CreateBookTest -->
