<?xml version="1.0" encoding="UTF-8"?>
<!-- Generated by org.testng.reporters.JUnitReportReporter -->
<testsuite hostname="de-adn-3y9w7w1" failures="0" tests="3" name="tests.rating.GetRatingsWithContentTest" time="0.044" errors="0" timestamp="2020-05-05T01:03:48 MESZ" skipped="0">
  <testcase classname="tests.rating.GetRatingsWithContentTest" name="assertStatusCode" time="0.010"/>
  <system-out/>
  <testcase classname="tests.rating.GetRatingsWithContentTest" name="assertLengthOfList" time="0.014"/>
  <system-out/>
  <testcase classname="tests.rating.GetRatingsWithContentTest" name="assertSchema" time="0.020"/>
  <system-out/>
</testsuite> <!-- tests.rating.GetRatingsWithContentTest -->
