<?xml version="1.0" encoding="UTF-8"?>
<!-- Generated by org.testng.reporters.JUnitReportReporter -->
<testsuite hostname="de-adn-3y9w7w1" failures="0" tests="3" name="tests.rating.GetRatingsTest" time="0.064" errors="0" timestamp="2020-05-05T01:03:48 MESZ" skipped="0">
  <testcase classname="tests.rating.GetRatingsTest" name="assertLengthOfList" time="0.018"/>
  <system-out/>
  <testcase classname="tests.rating.GetRatingsTest" name="assertSchema" time="0.036"/>
  <system-out/>
  <testcase classname="tests.rating.GetRatingsTest" name="assertStatusCode" time="0.010"/>
  <system-out/>
</testsuite> <!-- tests.rating.GetRatingsTest -->
