<?xml version="1.0" encoding="UTF-8"?>
<!-- Generated by org.testng.reporters.JUnitReportReporter -->
<testsuite hostname="de-adn-3y9w7w1" failures="0" tests="3" name="tests.book.GetBooksTest" time="0.631" errors="0" timestamp="2020-05-05T01:03:48 MESZ" skipped="0">
  <testcase classname="tests.book.GetBooksTest" name="assertSchema" time="0.552"/>
  <system-out/>
  <testcase classname="tests.book.GetBooksTest" name="assertStatusCode" time="0.012"/>
  <system-out/>
  <testcase classname="tests.book.GetBooksTest" name="assertLengthOfList" time="0.067"/>
  <system-out/>
</testsuite> <!-- tests.book.GetBooksTest -->
